<?xml version="1.0" encoding="UTF-8"?>
<!-- Generated by org.testng.reporters.JUnitXMLReporter -->
<testsuite hostname="DESKTOP-PULI1LF" name="ChromeTests" tests="2" failures="1" timestamp="5 Dec 2016 20:02:51 GMT" time="21.404" errors="0">
  <testcase name="testMe" time="0.006" classname="com.hotelsTest.hotels.comTest.sample"/>
  <testcase name="signUpWithExistingAccount" time="3.117" classname="com.hotelsTest.hotels.comTest.SignUpWithExistingAccount">
    <failure type="org.openqa.selenium.NoSuchElementException" message="Element is not present
For documentation on this error, please visit: http://seleniumhq.org/exceptions/no_such_element.html
Build info: version: &amp;apos;3.0.1&amp;apos;, revision: &amp;apos;1969d75&amp;apos;, time: &amp;apos;2016-10-18 09:49:13 -0700&amp;apos;
System info: host: &amp;apos;DESKTOP-PULI1LF&amp;apos;, ip: &amp;apos;192.168.15.190&amp;apos;, os.name: &amp;apos;Windows 10&amp;apos;, os.arch: &amp;apos;amd64&amp;apos;, os.version: &amp;apos;10.0&amp;apos;, java.version: &amp;apos;1.8.0_102&amp;apos;
Driver info: driver.version: unknown">
      <![CDATA[org.openqa.selenium.NoSuchElementException: Element is not present
For documentation on this error, please visit: http://seleniumhq.org/exceptions/no_such_element.html
Build info: version: '3.0.1', revision: '1969d75', time: '2016-10-18 09:49:13 -0700'
System info: host: 'DESKTOP-PULI1LF', ip: '192.168.15.190', os.name: 'Windows 10', os.arch: 'amd64', os.version: '10.0', java.version: '1.8.0_102'
Driver info: driver.version: unknown
	at pages.BaseClass.clickButton(BaseClass.java:18)
	at com.hotelsTest.hotels.comTest.SignUpWithExistingAccount.signUpWithExistingAccount(SignUpWithExistingAccount.java:44)
... Removed 25 stack frames]]>
    </failure>
  </testcase> <!-- signUpWithExistingAccount -->
</testsuite> <!-- ChromeTests -->
