<?xml version="1.0" encoding="UTF-8"?>
<!-- Generated by org.testng.reporters.JUnitXMLReporter -->
<testsuite hostname="LAPTOP-AMA7L6BO" name="SauceLabsTests" tests="3" failures="0" timestamp="15 Dec 2016 22:46:18 GMT" time="39.499" errors="0">
  <testcase name="@BeforeMethod NavigateToHotelDeals" time="0.0" classname="com.hotelsTest.hotels.comTest.PackageAndFlightTest">
    <failure type="org.openqa.selenium.NoSuchElementException" message="no such element
  (Session info: chrome=43.0.2357.65)
  (Driver info: chromedriver=2.15.322448 (52179c1b310fec1797c81ea9a20326839860b7d3),platform=Windows NT 10.0 x86_64) (WARNING: The server did not provide any stacktrace information)
Command duration or timeout: 5.22 seconds
For documentation on this error, please visit: http://seleniumhq.org/exceptions/no_such_element.html
Build info: version: &amp;apos;unknown&amp;apos;, revision: &amp;apos;3169782&amp;apos;, time: &amp;apos;2016-09-29 10:24:50 -0700&amp;apos;
System info: host: &amp;apos;LAPTOP-AMA7L6BO&amp;apos;, ip: &amp;apos;192.168.13.92&amp;apos;, os.name: &amp;apos;Windows 10&amp;apos;, os.arch: &amp;apos;amd64&amp;apos;, os.version: &amp;apos;10.0&amp;apos;, java.version: &amp;apos;1.8.0_102&amp;apos;
Driver info: org.openqa.selenium.remote.RemoteWebDriver
Capabilities [{applicationCacheEnabled=false, rotatable=false, mobileEmulationEnabled=false, chrome={userDataDir=C:\Users\ADMINI~1\AppData\Local\Temp\scoped_dir3800_18699}, takesHeapSnapshot=true, hasMetadata=true, databaseEnabled=false, handlesAlerts=true, version=43.0.2357.65, platform=XP, browserConnectionEnabled=false, nativeEvents=true, acceptSslCerts=true, webdriver.remote.sessionid=14181b36d59f448eacb4d1a58232ff9f, locationContextEnabled=true, webStorageEnabled=true, takesScreenshot=true, browserName=chrome, javascriptEnabled=true, cssSelectorsEnabled=true}]
Session ID: 14181b36d59f448eacb4d1a58232ff9f
*** Element info: {Using=css selector, value=.trigger}">
      <![CDATA[org.openqa.selenium.NoSuchElementException: no such element
  (Session info: chrome=43.0.2357.65)
  (Driver info: chromedriver=2.15.322448 (52179c1b310fec1797c81ea9a20326839860b7d3),platform=Windows NT 10.0 x86_64) (WARNING: The server did not provide any stacktrace information)
Command duration or timeout: 5.22 seconds
For documentation on this error, please visit: http://seleniumhq.org/exceptions/no_such_element.html
Build info: version: 'unknown', revision: '3169782', time: '2016-09-29 10:24:50 -0700'
System info: host: 'LAPTOP-AMA7L6BO', ip: '192.168.13.92', os.name: 'Windows 10', os.arch: 'amd64', os.version: '10.0', java.version: '1.8.0_102'
Driver info: org.openqa.selenium.remote.RemoteWebDriver
Capabilities [{applicationCacheEnabled=false, rotatable=false, mobileEmulationEnabled=false, chrome={userDataDir=C:\Users\ADMINI~1\AppData\Local\Temp\scoped_dir3800_18699}, takesHeapSnapshot=true, hasMetadata=true, databaseEnabled=false, handlesAlerts=true, version=43.0.2357.65, platform=XP, browserConnectionEnabled=false, nativeEvents=true, acceptSslCerts=true, webdriver.remote.sessionid=14181b36d59f448eacb4d1a58232ff9f, locationContextEnabled=true, webStorageEnabled=true, takesScreenshot=true, browserName=chrome, javascriptEnabled=true, cssSelectorsEnabled=true}]
Session ID: 14181b36d59f448eacb4d1a58232ff9f
*** Element info: {Using=css selector, value=.trigger}
	at org.openqa.selenium.remote.ErrorHandler.createThrowable(ErrorHandler.java:206)
	at org.openqa.selenium.remote.ErrorHandler.throwIfResponseFailed(ErrorHandler.java:158)
	at org.openqa.selenium.remote.RemoteWebDriver.execute(RemoteWebDriver.java:636)
	at org.openqa.selenium.remote.RemoteWebDriver.findElement(RemoteWebDriver.java:369)
	at org.openqa.selenium.remote.RemoteWebDriver.findElementByCssSelector(RemoteWebDriver.java:466)
	at org.openqa.selenium.By$ByCssSelector.findElement(By.java:430)
	at org.openqa.selenium.remote.RemoteWebDriver.findElement(RemoteWebDriver.java:361)
	at generalActions.BaseClass.findElmt(BaseClass.java:21)
	at pages.HomePage.hotelSearchPageElements(HomePage.java:21)
	at pages.HomePage.clickButton(HomePage.java:31)
	at pages.HomePage.goToPage(HomePage.java:40)
	at com.hotelsTest.hotels.comTest.PackageAndFlightTest.NavigateToHotelDeals(PackageAndFlightTest.java:17)
... Removed 31 stack frames]]>
    </failure>
  </testcase> <!-- @BeforeMethod NavigateToHotelDeals -->
  <testcase name="@BeforeMethod NavigateToHotelDeals" time="0.0" classname="com.hotelsTest.hotels.comTest.PackageAndFlightTest">
    <skipped/>
  </testcase> <!-- @BeforeMethod NavigateToHotelDeals -->
  <testcase name="TA110" time="14.116" classname="com.hotelsTest.hotels.comTest.PackageAndFlightTest"/>
  <testcase name="TA111" time="0.008" classname="com.hotelsTest.hotels.comTest.PackageAndFlightTest">
    <skipped/>
  </testcase> <!-- TA111 -->
  <testcase name="TA130" time="0.01" classname="com.hotelsTest.hotels.comTest.PackageAndFlightTest">
    <skipped/>
  </testcase> <!-- TA130 -->
</testsuite> <!-- SauceLabsTests -->
