<!DOCTYPE html PUBLIC "-//W3C//DTD XHTML 1.1//EN" "http://www.w3.org/TR/xhtml11/DTD/xhtml11.dtd">
<html xmlns="http://www.w3.org/1999/xhtml"><head><title>TestNG Report</title><style type="text/css">table {margin-bottom:10px;border-collapse:collapse;empty-cells:show}th,td {border:1px solid #009;padding:.25em .5em}th {vertical-align:bottom}td {vertical-align:top}table a {font-weight:bold}.stripe td {background-color: #E6EBF9}.num {text-align:right}.passedodd td {background-color: #3F3}.passedeven td {background-color: #0A0}.skippedodd td {background-color: #DDD}.skippedeven td {background-color: #CCC}.failedodd td,.attn {background-color: #F33}.failedeven td,.stripe .attn {background-color: #D00}.stacktrace {white-space:pre;font-family:monospace}.totop {font-size:85%;text-align:center;border-bottom:2px solid #000}</style></head><body><table><tr><th>Test</th><th># Passed</th><th># Skipped</th><th># Failed</th><th>Time (ms)</th><th>Included Groups</th><th>Excluded Groups</th></tr><tr><th colspan="7">Suite</th></tr><tr><td><a href="#t0">SauceLabsTests</a></td><td class="num">4</td><td class="num">0</td><td class="num attn">2</td><td class="num">182,038</td><td></td><td></td></tr></table><table><thead><tr><th>Class</th><th>Method</th><th>Start</th><th>Time (ms)</th></tr></thead><tbody><tr><th colspan="4">Suite</th></tr></tbody><tbody id="t0"><tr><th colspan="4">SauceLabsTests &#8212; failed</th></tr><tr class="failedeven"><td rowspan="2">com.hotelsTest.hotels.comTest.sample</td><td><a href="#m0">TS02</a></td><td rowspan="1">1481672358975</td><td rowspan="1">22320</td></tr><tr class="failedeven"><td><a href="#m1">TS06</a></td><td rowspan="1">1481672482466</td><td rowspan="1">9241</td></tr><tr><th colspan="4">SauceLabsTests &#8212; passed</th></tr><tr class="passedeven"><td rowspan="4">com.hotelsTest.hotels.comTest.sample</td><td><a href="#m2">TS01</a></td><td rowspan="1">1481672336661</td><td rowspan="1">11884</td></tr><tr class="passedeven"><td><a href="#m3">TS03</a></td><td rowspan="1">1481672391810</td><td rowspan="1">27129</td></tr><tr class="passedeven"><td><a href="#m4">TS04</a></td><td rowspan="1">1481672427577</td><td rowspan="1">19716</td></tr><tr class="passedeven"><td><a href="#m5">TS05</a></td><td rowspan="1">1481672454978</td><td rowspan="1">18633</td></tr></tbody></table><h2>SauceLabsTests</h2><h3 id="m0">com.hotelsTest.hotels.comTest.sample#TS02</h3><table class="result"><tr><th>Exception</th></tr><tr><td><div class="stacktrace">java.lang.AssertionError: expected [7675] but found [7674]
	at pages.SearchResultsHotels.AssertNumOfReviews(SearchResultsHotels.java:64)
	at com.hotelsTest.hotels.comTest.sample.TS02(sample.java:39)
... Removed 31 stack frames</div></td></tr></table><p class="totop"><a href="#summary">back to summary</a></p><h3 id="m1">com.hotelsTest.hotels.comTest.sample#TS06</h3><table class="result"><tr><th>Exception</th></tr><tr><td><div class="stacktrace">java.lang.AssertionError: expected [1] but found []
	at pages.SearchResultsHotels.verifyFilters(SearchResultsHotels.java:100)
	at com.hotelsTest.hotels.comTest.sample.TS06(sample.java:82)
... Removed 31 stack frames</div></td></tr></table><p class="totop"><a href="#summary">back to summary</a></p><h3 id="m2">com.hotelsTest.hotels.comTest.sample#TS01</h3><table class="result"></table><p class="totop"><a href="#summary">back to summary</a></p><h3 id="m3">com.hotelsTest.hotels.comTest.sample#TS03</h3><table class="result"></table><p class="totop"><a href="#summary">back to summary</a></p><h3 id="m4">com.hotelsTest.hotels.comTest.sample#TS04</h3><table class="result"></table><p class="totop"><a href="#summary">back to summary</a></p><h3 id="m5">com.hotelsTest.hotels.comTest.sample#TS05</h3><table class="result"></table><p class="totop"><a href="#summary">back to summary</a></p></body></html>