<?xml version="1.0" encoding="UTF-8"?>
<testng-results skipped="0" failed="1" total="1" passed="0">
  <reporter-output>
  </reporter-output>
  <suite name="Suite" duration-ms="31181" started-at="2016-12-13T22:22:31Z" finished-at="2016-12-13T22:23:03Z">
    <groups>
    </groups>
    <test name="SauceLabsTests" duration-ms="31181" started-at="2016-12-13T22:22:31Z" finished-at="2016-12-13T22:23:03Z">
      <class name="com.hotelsTest.hotels.comTest.sample">
        <test-method status="PASS" signature="setBrowser(java.lang.String)[pri:0, instance:com.hotelsTest.hotels.comTest.sample@26fb4d06]" name="setBrowser" is-config="true" duration-ms="10728" started-at="2016-12-13T17:22:31Z" finished-at="2016-12-13T17:22:42Z">
          <params>
            <param index="0">
              <value>
                <![CDATA[saucelabs]]>
              </value>
            </param>
          </params>
          <reporter-output>
          </reporter-output>
        </test-method> <!-- setBrowser -->
        <test-method status="PASS" signature="NavigateToHotelDeals(java.lang.String)[pri:0, instance:com.hotelsTest.hotels.comTest.sample@26fb4d06]" name="NavigateToHotelDeals" is-config="true" duration-ms="8999" started-at="2016-12-13T17:22:42Z" finished-at="2016-12-13T17:22:51Z">
          <params>
            <param index="0">
              <value>
                <![CDATA[saucelabs]]>
              </value>
            </param>
          </params>
          <reporter-output>
          </reporter-output>
        </test-method> <!-- NavigateToHotelDeals -->
        <test-method status="FAIL" signature="TS06()[pri:0, instance:com.hotelsTest.hotels.comTest.sample@26fb4d06]" name="TS06" duration-ms="10611" started-at="2016-12-13T17:22:51Z" finished-at="2016-12-13T17:23:02Z">
          <exception class="java.lang.AssertionError">
            <message>
              <![CDATA[expected [1] but found []]]>
            </message>
            <full-stacktrace>
              <![CDATA[java.lang.AssertionError: expected [1] but found []
	at org.testng.Assert.fail(Assert.java:94)
	at org.testng.Assert.failNotEquals(Assert.java:513)
	at org.testng.Assert.assertEqualsImpl(Assert.java:135)
	at org.testng.Assert.assertEquals(Assert.java:116)
	at org.testng.Assert.assertEquals(Assert.java:190)
	at org.testng.Assert.assertEquals(Assert.java:200)
	at pages.SearchResultsHotels.verifyFilters(SearchResultsHotels.java:100)
	at com.hotelsTest.hotels.comTest.sample.TS06(sample.java:86)
	at sun.reflect.NativeMethodAccessorImpl.invoke0(Native Method)
	at sun.reflect.NativeMethodAccessorImpl.invoke(Unknown Source)
	at sun.reflect.DelegatingMethodAccessorImpl.invoke(Unknown Source)
	at java.lang.reflect.Method.invoke(Unknown Source)
	at org.testng.internal.MethodInvocationHelper.invokeMethod(MethodInvocationHelper.java:100)
	at org.testng.internal.Invoker.invokeMethod(Invoker.java:646)
	at org.testng.internal.Invoker.invokeTestMethod(Invoker.java:811)
	at org.testng.internal.Invoker.invokeTestMethods(Invoker.java:1137)
	at org.testng.internal.TestMethodWorker.invokeTestMethods(TestMethodWorker.java:129)
	at org.testng.internal.TestMethodWorker.run(TestMethodWorker.java:112)
	at org.testng.TestRunner.privateRun(TestRunner.java:753)
	at org.testng.TestRunner.run(TestRunner.java:607)
	at org.testng.SuiteRunner.runTest(SuiteRunner.java:368)
	at org.testng.SuiteRunner.runSequentially(SuiteRunner.java:363)
	at org.testng.SuiteRunner.privateRun(SuiteRunner.java:321)
	at org.testng.SuiteRunner.run(SuiteRunner.java:270)
	at org.testng.SuiteRunnerWorker.runSuite(SuiteRunnerWorker.java:52)
	at org.testng.SuiteRunnerWorker.run(SuiteRunnerWorker.java:86)
	at org.testng.TestNG.runSuitesSequentially(TestNG.java:1284)
	at org.testng.TestNG.runSuitesLocally(TestNG.java:1209)
	at org.testng.TestNG.runSuites(TestNG.java:1124)
	at org.testng.TestNG.run(TestNG.java:1096)
	at org.testng.remote.AbstractRemoteTestNG.run(AbstractRemoteTestNG.java:132)
	at org.testng.remote.RemoteTestNG.initAndRun(RemoteTestNG.java:236)
	at org.testng.remote.RemoteTestNG.main(RemoteTestNG.java:81)
]]>
            </full-stacktrace>
          </exception> <!-- java.lang.AssertionError -->
          <reporter-output>
          </reporter-output>
        </test-method> <!-- TS06 -->
        <test-method status="PASS" signature="tearDown()[pri:0, instance:com.hotelsTest.hotels.comTest.sample@26fb4d06]" name="tearDown" is-config="true" duration-ms="730" started-at="2016-12-13T17:23:02Z" finished-at="2016-12-13T17:23:03Z">
          <reporter-output>
          </reporter-output>
        </test-method> <!-- tearDown -->
      </class> <!-- com.hotelsTest.hotels.comTest.sample -->
    </test> <!-- SauceLabsTests -->
  </suite> <!-- Suite -->
</testng-results>
